<?xml version="1.0" encoding="UTF-8"?>
<testsuite name="Тесты калькулятора" tests="5" skipped="0" failures="0" errors="0" timestamp="2025-03-31T15:03:37" hostname="SOMETHING" time="0.019">
  <properties/>
  <testcase name="Тест деления на ноль" classname="ru.mentee.power.CalculatorTest" time="0.011"/>
  <testcase name="Тест операции сложения" classname="ru.mentee.power.CalculatorTest" time="0.001"/>
  <testcase name="Тест операции вычитания" classname="ru.mentee.power.CalculatorTest" time="0.001"/>
  <testcase name="Тест операции деления" classname="ru.mentee.power.CalculatorTest" time="0.001"/>
  <testcase name="Тест операции умножения" classname="ru.mentee.power.CalculatorTest" time="0.001"/>
  <system-out><![CDATA[]]></system-out>
  <system-err><![CDATA[]]></system-err>
</testsuite>
